<?xml version="1.0" encoding="UTF-8"?>
<!-- Generated by org.testng.reporters.JUnitReportReporter -->
<testsuite hostname="DESKTOP-4U6BVEK" failures="0" tests="10" name="orangeHRM_TestNG.OrangeHRM_TestNG" time="133.390" errors="0" timestamp="2023-08-17T14:41:27 IST" skipped="0">
  <testcase classname="orangeHRM_TestNG.OrangeHRM_TestNG" name="testLogindata" time="2.322"/>
  <system-out/>
  <testcase classname="orangeHRM_TestNG.OrangeHRM_TestNG" name="Admin" time="13.552"/>
  <system-out/>
  <testcase classname="orangeHRM_TestNG.OrangeHRM_TestNG" name="Job" time="25.805"/>
  <system-out/>
  <testcase classname="orangeHRM_TestNG.OrangeHRM_TestNG" name="Workshift" time="9.260"/>
  <system-out/>
  <testcase classname="orangeHRM_TestNG.OrangeHRM_TestNG" name="Generalinfo" time="3.276"/>
  <system-out/>
  <testcase classname="orangeHRM_TestNG.OrangeHRM_TestNG" name="Generalinfon" time="22.944"/>
  <system-out/>
  <testcase classname="orangeHRM_TestNG.OrangeHRM_TestNG" name="Performance" time="8.615"/>
  <system-out/>
  <testcase classname="orangeHRM_TestNG.OrangeHRM_TestNG" name="Pim" time="7.631"/>
  <system-out/>
  <testcase classname="orangeHRM_TestNG.OrangeHRM_TestNG" name="Qualification" time="18.865"/>
  <system-out/>
  <testcase classname="orangeHRM_TestNG.OrangeHRM_TestNG" name="Req" time="21.120"/>
  <system-out/>
</testsuite> <!-- orangeHRM_TestNG.OrangeHRM_TestNG -->
